2025-04-28 21:41:27,210 [INFO] MyTargetScraper: Scraping https://quotes.toscrape.com/
2025-04-28 21:41:27,213 [DEBUG] urllib3.connectionpool: Starting new HTTPS connection (1): quotes.toscrape.com:443
2025-04-28 21:41:28,196 [DEBUG] urllib3.connectionpool: https://quotes.toscrape.com:443 "GET / HTTP/1.1" 200 11064
2025-04-28 21:41:28,475 [DEBUG] MyTargetScraper: Sleeping for 1.40 seconds to mimic human behavior.
2025-04-28 21:41:29,877 [DEBUG] MyTargetScraper: Sleeping for 2.96 seconds to mimic human behavior.
2025-04-28 21:41:32,843 [DEBUG] MyTargetScraper: Sleeping for 1.72 seconds to mimic human behavior.
2025-04-28 21:41:34,562 [DEBUG] MyTargetScraper: Sleeping for 1.70 seconds to mimic human behavior.
2025-04-28 21:41:36,261 [DEBUG] MyTargetScraper: Sleeping for 1.10 seconds to mimic human behavior.
2025-04-28 21:41:37,366 [DEBUG] MyTargetScraper: Sleeping for 1.81 seconds to mimic human behavior.
2025-04-28 21:41:39,173 [DEBUG] MyTargetScraper: Sleeping for 1.78 seconds to mimic human behavior.
2025-04-28 21:41:40,957 [DEBUG] MyTargetScraper: Sleeping for 2.93 seconds to mimic human behavior.
2025-04-28 21:41:43,883 [DEBUG] MyTargetScraper: Sleeping for 2.25 seconds to mimic human behavior.
2025-04-28 21:41:46,139 [DEBUG] MyTargetScraper: Sleeping for 1.73 seconds to mimic human behavior.
2025-04-28 21:56:43,521 [DEBUG] urllib3.connectionpool: Starting new HTTPS connection (1): quotes.toscrape.com:443
2025-04-28 21:56:43,527 [ERROR] MyTargetScraper: Request failed: HTTPSConnectionPool(host='quotes.toscrape.com', port=443): Max retries exceeded with url: /page/1/ (Caused by ProxyError('Unable to connect to proxy', NameResolutionError("<urllib3.connection.HTTPSConnection object at 0x000001F854D2BE00>: Failed to resolve '111.222.333.4' ([Errno 11001] getaddrinfo failed)")))
2025-04-28 23:58:30,901 [DEBUG] urllib3.connectionpool: Starting new HTTPS connection (1): quotes.toscrape.com:443
2025-04-28 23:58:51,948 [ERROR] MyTargetScraper: Request failed: HTTPSConnectionPool(host='quotes.toscrape.com', port=443): Max retries exceeded with url: /page/1/ (Caused by ProxyError('Unable to connect to proxy', ConnectTimeoutError(<urllib3.connection.HTTPSConnection object at 0x000001488179FE00>, 'Connection to 192.252.210.233 timed out. (connect timeout=None)')))
2025-04-29 00:01:23,088 [INFO] MyTargetScraper: Scraping https://quotes.toscrape.com/page/1/
2025-04-29 00:01:23,094 [DEBUG] urllib3.connectionpool: Starting new HTTPS connection (1): quotes.toscrape.com:443
2025-04-29 00:01:23,619 [ERROR] MyTargetScraper: Request failed: ('Connection aborted.', ConnectionResetError(10054, 'An existing connection was forcibly closed by the remote host', None, 10054, None))
2025-04-29 00:04:00,238 [INFO] MyTargetScraper: Scraping https://quotes.toscrape.com/page/1/
2025-04-29 00:04:00,244 [DEBUG] urllib3.connectionpool: Starting new HTTPS connection (1): quotes.toscrape.com:443
2025-04-29 00:04:01,489 [DEBUG] urllib3.connectionpool: https://quotes.toscrape.com:443 "GET /page/1/ HTTP/1.1" 200 11064
2025-04-29 00:04:01,731 [DEBUG] MyTargetScraper: Sleeping 2.79 seconds
2025-04-29 00:04:04,523 [INFO] MyTargetScraper: Scraping https://quotes.toscrape.com/page/2/
2025-04-29 00:04:04,528 [DEBUG] urllib3.connectionpool: Starting new HTTPS connection (1): quotes.toscrape.com:443
2025-04-29 00:04:05,312 [DEBUG] urllib3.connectionpool: https://quotes.toscrape.com:443 "GET /page/2/ HTTP/1.1" 200 13745
2025-04-29 00:04:05,577 [DEBUG] MyTargetScraper: Sleeping 2.64 seconds
2025-04-29 00:04:08,214 [INFO] MyTargetScraper: Scraping https://quotes.toscrape.com/page/3/
2025-04-29 00:04:08,228 [DEBUG] urllib3.connectionpool: Starting new HTTPS connection (1): quotes.toscrape.com:443
2025-04-29 00:04:09,070 [DEBUG] urllib3.connectionpool: https://quotes.toscrape.com:443 "GET /page/3/ HTTP/1.1" 200 10029
2025-04-29 00:04:09,326 [DEBUG] MyTargetScraper: Sleeping 2.39 seconds
2025-04-29 00:04:11,718 [INFO] MyTargetScraper: Scraping https://quotes.toscrape.com/page/4/
2025-04-29 00:04:11,730 [DEBUG] urllib3.connectionpool: Starting new HTTPS connection (1): quotes.toscrape.com:443
2025-04-29 00:04:12,638 [DEBUG] urllib3.connectionpool: https://quotes.toscrape.com:443 "GET /page/4/ HTTP/1.1" 200 10325
2025-04-29 00:04:12,952 [DEBUG] MyTargetScraper: Sleeping 1.10 seconds
2025-04-29 00:04:14,048 [INFO] MyTargetScraper: Scraping https://quotes.toscrape.com/page/5/
2025-04-29 00:04:14,060 [DEBUG] urllib3.connectionpool: Starting new HTTPS connection (1): quotes.toscrape.com:443
2025-04-29 00:04:14,829 [DEBUG] urllib3.connectionpool: https://quotes.toscrape.com:443 "GET /page/5/ HTTP/1.1" 200 10012
2025-04-29 00:04:15,093 [DEBUG] MyTargetScraper: Sleeping 2.51 seconds
2025-04-29 00:04:17,605 [INFO] MyTargetScraper: Scraping https://quotes.toscrape.com/page/6/
2025-04-29 00:04:17,622 [DEBUG] urllib3.connectionpool: Starting new HTTPS connection (1): quotes.toscrape.com:443
2025-04-29 00:04:18,419 [DEBUG] urllib3.connectionpool: https://quotes.toscrape.com:443 "GET /page/6/ HTTP/1.1" 200 10416
2025-04-29 00:04:18,661 [DEBUG] MyTargetScraper: Sleeping 2.09 seconds
2025-04-29 00:04:20,748 [INFO] MyTargetScraper: Scraping https://quotes.toscrape.com/page/7/
2025-04-29 00:04:20,759 [DEBUG] urllib3.connectionpool: Starting new HTTPS connection (1): quotes.toscrape.com:443
2025-04-29 00:04:21,547 [DEBUG] urllib3.connectionpool: https://quotes.toscrape.com:443 "GET /page/7/ HTTP/1.1" 200 10722
2025-04-29 00:04:21,808 [DEBUG] MyTargetScraper: Sleeping 2.36 seconds
2025-04-29 00:04:24,164 [INFO] MyTargetScraper: Scraping https://quotes.toscrape.com/page/8/
2025-04-29 00:04:24,175 [DEBUG] urllib3.connectionpool: Starting new HTTPS connection (1): quotes.toscrape.com:443
2025-04-29 00:04:24,959 [DEBUG] urllib3.connectionpool: https://quotes.toscrape.com:443 "GET /page/8/ HTTP/1.1" 200 11393
2025-04-29 00:04:25,229 [DEBUG] MyTargetScraper: Sleeping 1.06 seconds
2025-04-29 00:04:26,292 [INFO] MyTargetScraper: Scraping https://quotes.toscrape.com/page/9/
2025-04-29 00:04:26,308 [DEBUG] urllib3.connectionpool: Starting new HTTPS connection (1): quotes.toscrape.com:443
2025-04-29 00:04:27,098 [DEBUG] urllib3.connectionpool: https://quotes.toscrape.com:443 "GET /page/9/ HTTP/1.1" 200 11022
2025-04-29 00:04:27,360 [DEBUG] MyTargetScraper: Sleeping 1.70 seconds
2025-04-29 00:04:29,060 [INFO] MyTargetScraper: Scraping https://quotes.toscrape.com/page/10/
2025-04-29 00:04:29,071 [DEBUG] urllib3.connectionpool: Starting new HTTPS connection (1): quotes.toscrape.com:443
2025-04-29 00:04:29,833 [DEBUG] urllib3.connectionpool: https://quotes.toscrape.com:443 "GET /page/10/ HTTP/1.1" 200 9943
2025-04-29 00:04:30,090 [DEBUG] MyTargetScraper: Sleeping 1.66 seconds
2025-04-29 00:04:31,756 [INFO] MyTargetScraper: Scraping https://quotes.toscrape.com/page/11/
2025-04-29 00:04:31,770 [DEBUG] urllib3.connectionpool: Starting new HTTPS connection (1): quotes.toscrape.com:443
2025-04-29 00:04:32,549 [DEBUG] urllib3.connectionpool: https://quotes.toscrape.com:443 "GET /page/11/ HTTP/1.1" 200 3050
2025-04-29 00:42:02,555 [DEBUG] urllib3.connectionpool: Starting new HTTPS connection (1): masothue.com:443
2025-04-29 00:42:23,604 [ERROR] MyTargetScraper: Request failed: HTTPSConnectionPool(host='masothue.com', port=443): Max retries exceeded with url: /tra-cuu-ma-so-thue-theo-tinh/phuong-xuan-khanh-579 (Caused by ProxyError('Unable to connect to proxy', ConnectTimeoutError(<urllib3.connection.HTTPSConnection object at 0x00000237DCAD3E00>, 'Connection to 192.252.210.233 timed out. (connect timeout=None)')))
2025-04-29 00:44:51,164 [DEBUG] urllib3.connectionpool: Starting new HTTPS connection (1): masothue.com:443
2025-04-29 00:44:56,275 [DEBUG] urllib3.connectionpool: https://masothue.com:443 "GET /tra-cuu-ma-so-thue-theo-tinh/phuong-xuan-khanh-579 HTTP/1.1" 200 None
2025-04-29 00:48:07,974 [DEBUG] urllib3.connectionpool: Starting new HTTPS connection (1): masothue.com:443
2025-04-29 00:48:16,306 [DEBUG] urllib3.connectionpool: https://masothue.com:443 "GET /tra-cuu-ma-so-thue-theo-tinh/phuong-xuan-khanh-579 HTTP/1.1" 200 None
